<?xml version="1.0" encoding="UTF-8"?>
<testsuite name="digital.innovation.one.RuleTest" tests="1" skipped="0" failures="0" errors="0" timestamp="2021-02-27T17:41:26" hostname="goodsprings-manjaro" time="0.002">
  <properties/>
  <testcase name="shouldCreateNewFileWithTempDir()" classname="digital.innovation.one.RuleTest" time="0.002"/>
  <system-out><![CDATA[]]></system-out>
  <system-err><![CDATA[]]></system-err>
</testsuite>
