<?xml version="1.0" encoding="UTF-8"?>
<testsuite name="digital.innovation.one.RuleTest" tests="1" skipped="0" failures="0" errors="0" timestamp="2021-02-23T02:19:29" hostname="goodsprings-manjaro" time="0.017">
  <properties/>
  <testcase name="shouldCreateNewFileWithTempDir()" classname="digital.innovation.one.RuleTest" time="0.017"/>
  <system-out><![CDATA[]]></system-out>
  <system-err><![CDATA[]]></system-err>
</testsuite>
